<?xml version="1.0" encoding="UTF-8"?><testsuites failures="1" name="dependency-check" tests="262"><testsuite failures="0" errors="0" time="0" id="0" name="/src/node_modules/get-intrinsic/test/GetIntrinsic.js" package="GetIntrinsic.js" skipped="0" tests="1" timestamp="2025-06-18T02:55:33.165948972"><testcase classname="dependency-check" name="GetIntrinsic.js"/></testsuite><testsuite failures="0" errors="0" time="0" id="1" name="/src/node_modules/get-proto/Object.getPrototypeOf.js" package="Object.getPrototypeOf.js" skipped="0" tests="1" timestamp="2025-06-18T02:55:33.165948972"><testcase classname="dependency-check" name="Object.getPrototypeOf.js"/></testsuite><testsuite failures="0" errors="0" time="0" id="2" name="/src/node_modules/get-proto/Reflect.getPrototypeOf.js" package="Reflect.getPrototypeOf.js" skipped="0" tests="1" timestamp="2025-06-18T02:55:33.165948972"><testcase classname="dependency-check" name="Reflect.getPrototypeOf.js"/></testsuite><testsuite failures="0" errors="0" time="0" id="3" name="/src/node_modules/es-object-atoms/RequireObjectCoercible.js" package="RequireObjectCoercible.js" skipped="0" tests="1" timestamp="2025-06-18T02:55:33.165948972"><testcase classname="dependency-check" name="RequireObjectCoercible.js"/></testsuite><testsuite failures="0" errors="0" time="0" id="4" name="/src/node_modules/es-object-atoms/ToObject.js" package="ToObject.js" skipped="0" tests="1" timestamp="2025-06-18T02:55:33.165948972"><testcase classname="dependency-check" name="ToObject.js"/></testsuite><testsuite failures="0" errors="0" time="0" id="5" name="/src/node_modules/math-intrinsics/abs.js" package="abs.js" skipped="0" tests="1" timestamp="2025-06-18T02:55:33.165948972"><testcase classname="dependency-check" name="abs.js"/></testsuite><testsuite failures="0" errors="0" time="0" id="6" name="/src/package-lock.json?express:5.1.0/accepts:^2.0.0" package="accepts:2.0.0" skipped="0" tests="1" timestamp="2025-06-18T02:55:33.165948972"><testcase classname="dependency-check" name="accepts:2.0.0"/></testsuite><testsuite failures="0" errors="0" time="0" id="7" name="/src/node_modules/call-bind-apply-helpers/actualApply.js" package="actualApply.js" skipped="0" tests="1" timestamp="2025-06-18T02:55:33.165948972"><testcase classname="dependency-check" name="actualApply.js"/></testsuite><testsuite failures="0" errors="0" time="0" id="8" name="/src/node_modules/object-inspect/example/all.js" package="all.js" skipped="0" tests="1" timestamp="2025-06-18T02:55:33.165948972"><testcase classname="dependency-check" name="all.js"/></testsuite><testsuite failures="0" errors="0" time="0" id="9" name="/src/app.js" package="app.js" skipped="0" tests="1" timestamp="2025-06-18T02:55:33.165948972"><testcase classname="dependency-check" name="app.js"/></testsuite><testsuite failures="0" errors="0" time="0" id="10" name="/src/node_modules/express/lib/application.js" package="application.js" skipped="0" tests="1" timestamp="2025-06-18T02:55:33.165948972"><testcase classname="dependency-check" name="application.js"/></testsuite><testsuite failures="0" errors="0" time="0" id="11" name="/src/node_modules/call-bind-apply-helpers/applyBind.js" package="applyBind.js" skipped="0" tests="1" timestamp="2025-06-18T02:55:33.165948972"><testcase classname="dependency-check" name="applyBind.js"/></testsuite><testsuite failures="0" errors="0" time="0" id="12" name="/src/node_modules/object-inspect/test/bigint.js" package="bigint.js" skipped="0" tests="1" timestamp="2025-06-18T02:55:33.165948972"><testcase classname="dependency-check" name="bigint.js"/></testsuite><testsuite failures="0" errors="0" time="0" id="13" name="/src/package-lock.json?express:5.1.0/body-parser:^2.2.0" package="body-parser:2.2.0" skipped="0" tests="1" timestamp="2025-06-18T02:55:33.165948972"><testcase classname="dependency-check" name="body-parser:2.2.0"/></testsuite><testsuite failures="0" errors="0" time="0" id="14" name="/src/node_modules/iconv-lite/lib/bom-handling.js" package="bom-handling.js" skipped="0" tests="1" timestamp="2025-06-18T02:55:33.165948972"><testcase classname="dependency-check" name="bom-handling.js"/></testsuite><testsuite failures="0" errors="0" time="0" id="15" name="/src/node_modules/debug/src/browser.js" package="browser.js" skipped="0" tests="1" timestamp="2025-06-18T02:55:33.165948972"><testcase classname="dependency-check" name="browser.js"/></testsuite><testsuite failures="0" errors="0" time="0" id="16" name="/src/package-lock.json?raw-body:3.0.0/bytes:3.1.2" package="bytes:3.1.2" skipped="0" tests="1" timestamp="2025-06-18T02:55:33.165948972"><testcase classname="dependency-check" name="bytes:3.1.2"/></testsuite><testsuite failures="0" errors="0" time="0" id="17" name="/src/package-lock.json?get-intrinsic:1.3.0/call-bind-apply-helpers:^1.0.2" package="call-bind-apply-helpers:1.0.2" skipped="0" tests="1" timestamp="2025-06-18T02:55:33.165948972"><testcase classname="dependency-check" name="call-bind-apply-helpers:1.0.2"/></testsuite><testsuite failures="0" errors="0" time="0" id="18" name="/src/package-lock.json?side-channel-weakmap:1.0.2/call-bound:^1.0.2" package="call-bound:1.0.4" skipped="0" tests="1" timestamp="2025-06-18T02:55:33.165948972"><testcase classname="dependency-check" name="call-bound:1.0.4"/></testsuite><testsuite failures="0" errors="0" time="0" id="19" name="/src/node_modules/negotiator/lib/charset.js" package="charset.js" skipped="0" tests="1" timestamp="2025-06-18T02:55:33.165948972"><testcase classname="dependency-check" name="charset.js"/></testsuite><testsuite failures="0" errors="0" time="0" id="20" name="/src/node_modules/object-inspect/example/circular.js" package="circular.js" skipped="0" tests="1" timestamp="2025-06-18T02:55:33.165948972"><testcase classname="dependency-check" name="circular.js"/></testsuite><testsuite failures="0" errors="0" time="0" id="21" name="/src/node_modules/object-inspect/test/circular.js" package="circular.js" skipped="0" tests="1" timestamp="2025-06-18T02:55:33.165948972"><testcase classname="dependency-check" name="circular.js"/></testsuite><testsuite failures="0" errors="0" time="0" id="22" name="/src/node_modules/debug/src/common.js" package="common.js" skipped="0" tests="1" timestamp="2025-06-18T02:55:33.165948972"><testcase classname="dependency-check" name="common.js"/></testsuite><testsuite failures="0" errors="0" time="0" id="23" name="/src/package-lock.json?express:5.1.0/content-disposition:^1.0.0" package="content-disposition:1.0.0" skipped="0" tests="1" timestamp="2025-06-18T02:55:33.165948972"><testcase classname="dependency-check" name="content-disposition:1.0.0"/></testsuite><testsuite failures="0" errors="0" time="0" id="24" name="/src/package-lock.json?type-is:2.0.1/content-type:^1.0.5" package="content-type:1.0.5" skipped="0" tests="1" timestamp="2025-06-18T02:55:33.165948972"><testcase classname="dependency-check" name="content-type:1.0.5"/></testsuite><testsuite failures="0" errors="0" time="0" id="25" name="/src/package-lock.json?express:5.1.0/cookie-signature:^1.2.1" package="cookie-signature:1.2.2" skipped="0" tests="1" timestamp="2025-06-18T02:55:33.165948972"><testcase classname="dependency-check" name="cookie-signature:1.2.2"/></testsuite><testsuite failures="0" errors="0" time="0" id="26" name="/src/package-lock.json?express:5.1.0/cookie:^0.7.1" package="cookie:0.7.2" skipped="0" tests="1" timestamp="2025-06-18T02:55:33.165948972"><testcase classname="dependency-check" name="cookie:0.7.2"/></testsuite><testsuite failures="0" errors="0" time="0" id="27" name="/src/node_modules/has-symbols/test/shams/core-js.js" package="core-js.js" skipped="0" tests="1" timestamp="2025-06-18T02:55:33.165948972"><testcase classname="dependency-check" name="core-js.js"/></testsuite><testsuite failures="0" errors="0" time="0" id="28" name="/src/node_modules/safer-buffer/dangerous.js" package="dangerous.js" skipped="0" tests="1" timestamp="2025-06-18T02:55:33.165948972"><testcase classname="dependency-check" name="dangerous.js"/></testsuite><testsuite failures="0" errors="0" time="0" id="29" name="/src/node_modules/iconv-lite/encodings/dbcs-codec.js" package="dbcs-codec.js" skipped="0" tests="1" timestamp="2025-06-18T02:55:33.165948972"><testcase classname="dependency-check" name="dbcs-codec.js"/></testsuite><testsuite failures="0" errors="0" time="0" id="30" name="/src/node_modules/iconv-lite/encodings/dbcs-data.js" package="dbcs-data.js" skipped="0" tests="1" timestamp="2025-06-18T02:55:33.165948972"><testcase classname="dependency-check" name="dbcs-data.js"/></testsuite><testsuite failures="0" errors="0" time="0" id="31" name="/src/package-lock.json?send:1.2.0/debug:^4.3.5" package="debug:4.4.1" skipped="0" tests="1" timestamp="2025-06-18T02:55:33.165948972"><testcase classname="dependency-check" name="debug:4.4.1"/></testsuite><testsuite failures="0" errors="0" time="0" id="32" name="/src/node_modules/object-inspect/test/deep.js" package="deep.js" skipped="0" tests="1" timestamp="2025-06-18T02:55:33.165948972"><testcase classname="dependency-check" name="deep.js"/></testsuite><testsuite failures="0" errors="0" time="0" id="33" name="/src/package-lock.json?router:2.2.0/depd:^2.0.0" package="depd:2.0.0" skipped="0" tests="1" timestamp="2025-06-18T02:55:33.165948972"><testcase classname="dependency-check" name="depd:2.0.0"/></testsuite><testsuite failures="0" errors="0" time="0" id="34" name="/src/node_modules/object-inspect/test/browser/dom.js" package="dom.js" skipped="0" tests="1" timestamp="2025-06-18T02:55:33.165948972"><testcase classname="dependency-check" name="dom.js"/></testsuite><testsuite failures="0" errors="0" time="0" id="35" name="/src/package-lock.json?get-proto:1.0.1/dunder-proto:^1.0.1" package="dunder-proto:1.0.1" skipped="0" tests="1" timestamp="2025-06-18T02:55:33.165948972"><testcase classname="dependency-check" name="dunder-proto:1.0.1"/></testsuite><testsuite failures="0" errors="0" time="0" id="36" name="/src/package-lock.json?on-finished:2.4.1/ee-first:1.1.1" package="ee-first:1.1.1" skipped="0" tests="1" timestamp="2025-06-18T02:55:33.165948972"><testcase classname="dependency-check" name="ee-first:1.1.1"/></testsuite><testsuite failures="0" errors="0" time="0" id="37" name="/src/node_modules/object-inspect/test/element.js" package="element.js" skipped="0" tests="1" timestamp="2025-06-18T02:55:33.165948972"><testcase classname="dependency-check" name="element.js"/></testsuite><testsuite failures="0" errors="0" time="0" id="38" name="/src/node_modules/qs/test/empty-keys-cases.js" package="empty-keys-cases.js" skipped="0" tests="1" timestamp="2025-06-18T02:55:33.165948972"><testcase classname="dependency-check" name="empty-keys-cases.js"/></testsuite><testsuite failures="0" errors="0" time="0" id="39" name="/src/package-lock.json?serve-static:2.2.0/encodeurl:^2.0.0" package="encodeurl:2.0.0" skipped="0" tests="1" timestamp="2025-06-18T02:55:33.165948972"><testcase classname="dependency-check" name="encodeurl:2.0.0"/></testsuite><testsuite failures="0" errors="0" time="0" id="40" name="/src/node_modules/negotiator/lib/encoding.js" package="encoding.js" skipped="0" tests="1" timestamp="2025-06-18T02:55:33.165948972"><testcase classname="dependency-check" name="encoding.js"/></testsuite><testsuite failures="0" errors="0" time="0" id="41" name="/src/node_modules/object-inspect/test/err.js" package="err.js" skipped="0" tests="1" timestamp="2025-06-18T02:55:33.165948972"><testcase classname="dependency-check" name="err.js"/></testsuite><testsuite failures="0" errors="0" time="0" id="42" name="/src/package-lock.json?get-intrinsic:1.3.0/es-define-property:^1.0.1" package="es-define-property:1.0.1" skipped="0" tests="1" timestamp="2025-06-18T02:55:33.165948972"><testcase classname="dependency-check" name="es-define-property:1.0.1"/></testsuite><testsuite failures="0" errors="0" time="0" id="43" name="/src/package-lock.json?side-channel-weakmap:1.0.2/es-errors:^1.3.0" package="es-errors:1.3.0" skipped="0" tests="1" timestamp="2025-06-18T02:55:33.165948972"><testcase classname="dependency-check" name="es-errors:1.3.0"/></testsuite><testsuite failures="0" errors="0" time="0" id="44" name="/src/package-lock.json?get-proto:1.0.1/es-object-atoms:^1.0.0" package="es-object-atoms:1.1.1" skipped="0" tests="1" timestamp="2025-06-18T02:55:33.165948972"><testcase classname="dependency-check" name="es-object-atoms:1.1.1"/></testsuite><testsuite failures="0" errors="0" time="0" id="45" name="/src/package-lock.json?serve-static:2.2.0/escape-html:^1.0.3" package="escape-html:1.0.3" skipped="0" tests="1" timestamp="2025-06-18T02:55:33.165948972"><testcase classname="dependency-check" name="escape-html:1.0.3"/></testsuite><testsuite failures="0" errors="0" time="0" id="46" name="/src/package-lock.json?send:1.2.0/etag:^1.8.1" package="etag:1.8.1" skipped="0" tests="1" timestamp="2025-06-18T02:55:33.165948972"><testcase classname="dependency-check" name="etag:1.8.1"/></testsuite><testsuite failures="0" errors="0" time="0" id="47" name="/src/node_modules/es-errors/eval.js" package="eval.js" skipped="0" tests="1" timestamp="2025-06-18T02:55:33.165948972"><testcase classname="dependency-check" name="eval.js"/></testsuite><testsuite failures="0" errors="0" time="0" id="48" name="/src/node_modules/express/lib/express.js" package="express.js" skipped="0" tests="1" timestamp="2025-06-18T02:55:33.165948972"><testcase classname="dependency-check" name="express.js"/></testsuite><testsuite failures="1" errors="0" time="0" id="49" name="/src/package-lock.json?/express:5.1.0" package="express:5.1.0" skipped="0" tests="1" timestamp="2025-06-18T02:55:33.165948972"><testcase classname="CVE-2024-10491" name="pkg:npm/express@5.1.0"><failure message="cvssV3: MEDIUM, score: 5.300000190734863 (CVSS:3.1/AV:N/AC:L/PR:N/UI:N/S:U/C:N/I:L/A:N)"/><system-out>A vulnerability has been identified in the Express response.links function, allowing for arbitrary resource injection in the Link header when unsanitized data is used.

The issue arises from improper sanitization in `Link` header values, which can allow a combination of characters like `,`, `;`, and `&lt;&gt;` to preload malicious resources.

This vulnerability is especially relevant for dynamic parameters.

Sonatype&apos;s research suggests that this CVE&apos;s details differ from those defined at NVD. See https://ossindex.sonatype.org/vulnerability/CVE-2024-10491 for details</system-out><system-err>location: /src/package-lock.json?/express:5.1.0, project-references: [ safenotes:1.0.0 ]</system-err></testcase></testsuite><testsuite failures="0" errors="0" time="0" id="50" name="/src/node_modules/object-inspect/test/fakes.js" package="fakes.js" skipped="0" tests="1" timestamp="2025-06-18T02:55:33.165948972"><testcase classname="dependency-check" name="fakes.js"/></testsuite><testsuite failures="0" errors="0" time="0" id="51" name="/src/package-lock.json?/finalhandler:2.1.0" package="finalhandler:2.1.0" skipped="0" tests="1" timestamp="2025-06-18T02:55:33.165948972"><testcase classname="dependency-check" name="finalhandler:2.1.0"/></testsuite><testsuite failures="0" errors="0" time="0" id="52" name="/src/node_modules/math-intrinsics/floor.js" package="floor.js" skipped="0" tests="1" timestamp="2025-06-18T02:55:33.165948972"><testcase classname="dependency-check" name="floor.js"/></testsuite><testsuite failures="0" errors="0" time="0" id="53" name="/src/node_modules/object-inspect/example/fn.js" package="fn.js" skipped="0" tests="1" timestamp="2025-06-18T02:55:33.165948972"><testcase classname="dependency-check" name="fn.js"/></testsuite><testsuite failures="0" errors="0" time="0" id="54" name="/src/node_modules/object-inspect/test/fn.js" package="fn.js" skipped="0" tests="1" timestamp="2025-06-18T02:55:33.165948972"><testcase classname="dependency-check" name="fn.js"/></testsuite><testsuite failures="0" errors="0" time="0" id="55" name="/src/node_modules/qs/lib/formats.js" package="formats.js" skipped="0" tests="1" timestamp="2025-06-18T02:55:33.165948972"><testcase classname="dependency-check" name="formats.js"/></testsuite><testsuite failures="0" errors="0" time="0" id="56" name="/src/package-lock.json?proxy-addr:2.0.7/forwarded:0.2.0" package="forwarded:0.2.0" skipped="0" tests="1" timestamp="2025-06-18T02:55:33.165948972"><testcase classname="dependency-check" name="forwarded:0.2.0"/></testsuite><testsuite failures="0" errors="0" time="0" id="57" name="/src/package-lock.json?send:1.2.0/fresh:^2.0.0" package="fresh:2.0.0" skipped="0" tests="1" timestamp="2025-06-18T02:55:33.165948972"><testcase classname="dependency-check" name="fresh:2.0.0"/></testsuite><testsuite failures="0" errors="0" time="0" id="58" name="/src/package-lock.json?hasown:2.0.2/function-bind:^1.1.2" package="function-bind:1.1.2" skipped="0" tests="1" timestamp="2025-06-18T02:55:33.165948972"><testcase classname="dependency-check" name="function-bind:1.1.2"/></testsuite><testsuite failures="0" errors="0" time="0" id="59" name="/src/node_modules/call-bind-apply-helpers/functionApply.js" package="functionApply.js" skipped="0" tests="1" timestamp="2025-06-18T02:55:33.165948972"><testcase classname="dependency-check" name="functionApply.js"/></testsuite><testsuite failures="0" errors="0" time="0" id="60" name="/src/node_modules/call-bind-apply-helpers/functionCall.js" package="functionCall.js" skipped="0" tests="1" timestamp="2025-06-18T02:55:33.165948972"><testcase classname="dependency-check" name="functionCall.js"/></testsuite><testsuite failures="0" errors="0" time="0" id="61" name="/src/node_modules/gopd/gOPD.js" package="gOPD.js" skipped="0" tests="1" timestamp="2025-06-18T02:55:33.165948972"><testcase classname="dependency-check" name="gOPD.js"/></testsuite><testsuite failures="0" errors="0" time="0" id="62" name="/src/package-lock.json?side-channel-weakmap:1.0.2/get-intrinsic:^1.2.5" package="get-intrinsic:1.3.0" skipped="0" tests="1" timestamp="2025-06-18T02:55:33.165948972"><testcase classname="dependency-check" name="get-intrinsic:1.3.0"/></testsuite><testsuite failures="0" errors="0" time="0" id="63" name="/src/node_modules/has-symbols/test/shams/get-own-property-symbols.js" package="get-own-property-symbols.js" skipped="0" tests="1" timestamp="2025-06-18T02:55:33.165948972"><testcase classname="dependency-check" name="get-own-property-symbols.js"/></testsuite><testsuite failures="0" errors="0" time="0" id="64" name="/src/package-lock.json?/get-proto:1.0.1" package="get-proto:1.0.1" skipped="0" tests="1" timestamp="2025-06-18T02:55:33.165948972"><testcase classname="dependency-check" name="get-proto:1.0.1"/></testsuite><testsuite failures="0" errors="0" time="0" id="65" name="/src/node_modules/dunder-proto/get.js" package="get.js" skipped="0" tests="1" timestamp="2025-06-18T02:55:33.165948972"><testcase classname="dependency-check" name="get.js"/></testsuite><testsuite failures="0" errors="0" time="0" id="66" name="/src/node_modules/dunder-proto/test/get.js" package="get.js" skipped="0" tests="1" timestamp="2025-06-18T02:55:33.165948972"><testcase classname="dependency-check" name="get.js"/></testsuite><testsuite failures="0" errors="0" time="0" id="67" name="/src/node_modules/object-inspect/test/global.js" package="global.js" skipped="0" tests="1" timestamp="2025-06-18T02:55:33.165948972"><testcase classname="dependency-check" name="global.js"/></testsuite><testsuite failures="0" errors="0" time="0" id="68" name="/src/package-lock.json?/gopd:1.2.0" package="gopd:1.2.0" skipped="0" tests="1" timestamp="2025-06-18T02:55:33.165948972"><testcase classname="dependency-check" name="gopd:1.2.0"/></testsuite><testsuite failures="0" errors="0" time="0" id="69" name="/src/package-lock.json?/has-symbols:1.1.0" package="has-symbols:1.1.0" skipped="0" tests="1" timestamp="2025-06-18T02:55:33.165948972"><testcase classname="dependency-check" name="has-symbols:1.1.0"/></testsuite><testsuite failures="0" errors="0" time="0" id="70" name="/src/node_modules/object-inspect/test/has.js" package="has.js" skipped="0" tests="1" timestamp="2025-06-18T02:55:33.165948972"><testcase classname="dependency-check" name="has.js"/></testsuite><testsuite failures="0" errors="0" time="0" id="71" name="/src/package-lock.json?/hasown:2.0.2" package="hasown:2.0.2" skipped="0" tests="1" timestamp="2025-06-18T02:55:33.165948972"><testcase classname="dependency-check" name="hasown:2.0.2"/></testsuite><testsuite failures="0" errors="0" time="0" id="72" name="/src/node_modules/object-inspect/test/holes.js" package="holes.js" skipped="0" tests="1" timestamp="2025-06-18T02:55:33.165948972"><testcase classname="dependency-check" name="holes.js"/></testsuite><testsuite failures="0" errors="0" time="0" id="73" name="/src/package-lock.json?send:1.2.0/http-errors:^2.0.0" package="http-errors:2.0.0" skipped="0" tests="1" timestamp="2025-06-18T02:55:33.165948972"><testcase classname="dependency-check" name="http-errors:2.0.0"/></testsuite><testsuite failures="0" errors="0" time="0" id="74" name="/src/package-lock.json?raw-body:3.0.0/iconv-lite:0.6.3" package="iconv-lite:0.6.3" skipped="0" tests="1" timestamp="2025-06-18T02:55:33.165948972"><testcase classname="dependency-check" name="iconv-lite:0.6.3"/></testsuite><testsuite failures="0" errors="0" time="0" id="75" name="/src/node_modules/function-bind/implementation.js" package="implementation.js" skipped="0" tests="1" timestamp="2025-06-18T02:55:33.165948972"><testcase classname="dependency-check" name="implementation.js"/></testsuite><testsuite failures="0" errors="0" time="0" id="76" name="/src/node_modules/object-inspect/test/indent-option.js" package="indent-option.js" skipped="0" tests="1" timestamp="2025-06-18T02:55:33.165948972"><testcase classname="dependency-check" name="indent-option.js"/></testsuite><testsuite failures="0" errors="0" time="0" id="77" name="/src/node_modules/accepts/index.js" package="index.js" skipped="0" tests="1" timestamp="2025-06-18T02:55:33.165948972"><testcase classname="dependency-check" name="index.js"/></testsuite><testsuite failures="0" errors="0" time="0" id="78" name="/src/node_modules/body-parser/index.js" package="index.js" skipped="0" tests="1" timestamp="2025-06-18T02:55:33.165948972"><testcase classname="dependency-check" name="index.js"/></testsuite><testsuite failures="0" errors="0" time="0" id="79" name="/src/node_modules/bytes/index.js" package="index.js" skipped="0" tests="1" timestamp="2025-06-18T02:55:33.165948972"><testcase classname="dependency-check" name="index.js"/></testsuite><testsuite failures="0" errors="0" time="0" id="80" name="/src/node_modules/call-bind-apply-helpers/index.js" package="index.js" skipped="0" tests="1" timestamp="2025-06-18T02:55:33.165948972"><testcase classname="dependency-check" name="index.js"/></testsuite><testsuite failures="0" errors="0" time="0" id="81" name="/src/node_modules/call-bind-apply-helpers/test/index.js" package="index.js" skipped="0" tests="1" timestamp="2025-06-18T02:55:33.165948972"><testcase classname="dependency-check" name="index.js"/></testsuite><testsuite failures="0" errors="0" time="0" id="82" name="/src/node_modules/call-bound/index.js" package="index.js" skipped="0" tests="1" timestamp="2025-06-18T02:55:33.165948972"><testcase classname="dependency-check" name="index.js"/></testsuite><testsuite failures="0" errors="0" time="0" id="83" name="/src/node_modules/call-bound/test/index.js" package="index.js" skipped="0" tests="1" timestamp="2025-06-18T02:55:33.165948972"><testcase classname="dependency-check" name="index.js"/></testsuite><testsuite failures="0" errors="0" time="0" id="84" name="/src/node_modules/content-disposition/index.js" package="index.js" skipped="0" tests="1" timestamp="2025-06-18T02:55:33.165948972"><testcase classname="dependency-check" name="index.js"/></testsuite><testsuite failures="0" errors="0" time="0" id="85" name="/src/node_modules/content-type/index.js" package="index.js" skipped="0" tests="1" timestamp="2025-06-18T02:55:33.165948972"><testcase classname="dependency-check" name="index.js"/></testsuite><testsuite failures="0" errors="0" time="0" id="86" name="/src/node_modules/cookie-signature/index.js" package="index.js" skipped="0" tests="1" timestamp="2025-06-18T02:55:33.165948972"><testcase classname="dependency-check" name="index.js"/></testsuite><testsuite failures="0" errors="0" time="0" id="87" name="/src/node_modules/cookie/index.js" package="index.js" skipped="0" tests="1" timestamp="2025-06-18T02:55:33.165948972"><testcase classname="dependency-check" name="index.js"/></testsuite><testsuite failures="0" errors="0" time="0" id="88" name="/src/node_modules/debug/src/index.js" package="index.js" skipped="0" tests="1" timestamp="2025-06-18T02:55:33.165948972"><testcase classname="dependency-check" name="index.js"/></testsuite><testsuite failures="0" errors="0" time="0" id="89" name="/src/node_modules/depd/index.js" package="index.js" skipped="0" tests="1" timestamp="2025-06-18T02:55:33.165948972"><testcase classname="dependency-check" name="index.js"/></testsuite><testsuite failures="0" errors="0" time="0" id="90" name="/src/node_modules/depd/lib/browser/index.js" package="index.js" skipped="0" tests="1" timestamp="2025-06-18T02:55:33.165948972"><testcase classname="dependency-check" name="index.js"/></testsuite><testsuite failures="0" errors="0" time="0" id="91" name="/src/node_modules/dunder-proto/test/index.js" package="index.js" skipped="0" tests="1" timestamp="2025-06-18T02:55:33.165948972"><testcase classname="dependency-check" name="index.js"/></testsuite><testsuite failures="0" errors="0" time="0" id="92" name="/src/node_modules/ee-first/index.js" package="index.js" skipped="0" tests="1" timestamp="2025-06-18T02:55:33.165948972"><testcase classname="dependency-check" name="index.js"/></testsuite><testsuite failures="0" errors="0" time="0" id="93" name="/src/node_modules/encodeurl/index.js" package="index.js" skipped="0" tests="1" timestamp="2025-06-18T02:55:33.165948972"><testcase classname="dependency-check" name="index.js"/></testsuite><testsuite failures="0" errors="0" time="0" id="94" name="/src/node_modules/es-define-property/index.js" package="index.js" skipped="0" tests="1" timestamp="2025-06-18T02:55:33.165948972"><testcase classname="dependency-check" name="index.js"/></testsuite><testsuite failures="0" errors="0" time="0" id="95" name="/src/node_modules/es-define-property/test/index.js" package="index.js" skipped="0" tests="1" timestamp="2025-06-18T02:55:33.165948972"><testcase classname="dependency-check" name="index.js"/></testsuite><testsuite failures="0" errors="0" time="0" id="96" name="/src/node_modules/es-errors/index.js" package="index.js" skipped="0" tests="1" timestamp="2025-06-18T02:55:33.165948972"><testcase classname="dependency-check" name="index.js"/></testsuite><testsuite failures="0" errors="0" time="0" id="97" name="/src/node_modules/es-errors/test/index.js" package="index.js" skipped="0" tests="1" timestamp="2025-06-18T02:55:33.165948972"><testcase classname="dependency-check" name="index.js"/></testsuite><testsuite failures="0" errors="0" time="0" id="98" name="/src/node_modules/es-object-atoms/index.js" package="index.js" skipped="0" tests="1" timestamp="2025-06-18T02:55:33.165948972"><testcase classname="dependency-check" name="index.js"/></testsuite><testsuite failures="0" errors="0" time="0" id="99" name="/src/node_modules/es-object-atoms/test/index.js" package="index.js" skipped="0" tests="1" timestamp="2025-06-18T02:55:33.165948972"><testcase classname="dependency-check" name="index.js"/></testsuite><testsuite failures="0" errors="0" time="0" id="100" name="/src/node_modules/escape-html/index.js" package="index.js" skipped="0" tests="1" timestamp="2025-06-18T02:55:33.165948972"><testcase classname="dependency-check" name="index.js"/></testsuite><testsuite failures="0" errors="0" time="0" id="101" name="/src/node_modules/etag/index.js" package="index.js" skipped="0" tests="1" timestamp="2025-06-18T02:55:33.165948972"><testcase classname="dependency-check" name="index.js"/></testsuite><testsuite failures="0" errors="0" time="0" id="102" name="/src/node_modules/express/index.js" package="index.js" skipped="0" tests="1" timestamp="2025-06-18T02:55:33.165948972"><testcase classname="dependency-check" name="index.js"/></testsuite><testsuite failures="0" errors="0" time="0" id="103" name="/src/node_modules/finalhandler/index.js" package="index.js" skipped="0" tests="1" timestamp="2025-06-18T02:55:33.165948972"><testcase classname="dependency-check" name="index.js"/></testsuite><testsuite failures="0" errors="0" time="0" id="104" name="/src/node_modules/forwarded/index.js" package="index.js" skipped="0" tests="1" timestamp="2025-06-18T02:55:33.165948972"><testcase classname="dependency-check" name="index.js"/></testsuite><testsuite failures="0" errors="0" time="0" id="105" name="/src/node_modules/fresh/index.js" package="index.js" skipped="0" tests="1" timestamp="2025-06-18T02:55:33.165948972"><testcase classname="dependency-check" name="index.js"/></testsuite><testsuite failures="0" errors="0" time="0" id="106" name="/src/node_modules/function-bind/index.js" package="index.js" skipped="0" tests="1" timestamp="2025-06-18T02:55:33.165948972"><testcase classname="dependency-check" name="index.js"/></testsuite><testsuite failures="0" errors="0" time="0" id="107" name="/src/node_modules/function-bind/test/index.js" package="index.js" skipped="0" tests="1" timestamp="2025-06-18T02:55:33.165948972"><testcase classname="dependency-check" name="index.js"/></testsuite><testsuite failures="0" errors="0" time="0" id="108" name="/src/node_modules/get-intrinsic/index.js" package="index.js" skipped="0" tests="1" timestamp="2025-06-18T02:55:33.165948972"><testcase classname="dependency-check" name="index.js"/></testsuite><testsuite failures="0" errors="0" time="0" id="109" name="/src/node_modules/get-proto/index.js" package="index.js" skipped="0" tests="1" timestamp="2025-06-18T02:55:33.165948972"><testcase classname="dependency-check" name="index.js"/></testsuite><testsuite failures="0" errors="0" time="0" id="110" name="/src/node_modules/get-proto/test/index.js" package="index.js" skipped="0" tests="1" timestamp="2025-06-18T02:55:33.165948972"><testcase classname="dependency-check" name="index.js"/></testsuite><testsuite failures="0" errors="0" time="0" id="111" name="/src/node_modules/gopd/index.js" package="index.js" skipped="0" tests="1" timestamp="2025-06-18T02:55:33.165948972"><testcase classname="dependency-check" name="index.js"/></testsuite><testsuite failures="0" errors="0" time="0" id="112" name="/src/node_modules/gopd/test/index.js" package="index.js" skipped="0" tests="1" timestamp="2025-06-18T02:55:33.165948972"><testcase classname="dependency-check" name="index.js"/></testsuite><testsuite failures="0" errors="0" time="0" id="113" name="/src/node_modules/has-symbols/index.js" package="index.js" skipped="0" tests="1" timestamp="2025-06-18T02:55:33.165948972"><testcase classname="dependency-check" name="index.js"/></testsuite><testsuite failures="0" errors="0" time="0" id="114" name="/src/node_modules/has-symbols/test/index.js" package="index.js" skipped="0" tests="1" timestamp="2025-06-18T02:55:33.165948972"><testcase classname="dependency-check" name="index.js"/></testsuite><testsuite failures="0" errors="0" time="0" id="115" name="/src/node_modules/hasown/index.js" package="index.js" skipped="0" tests="1" timestamp="2025-06-18T02:55:33.165948972"><testcase classname="dependency-check" name="index.js"/></testsuite><testsuite failures="0" errors="0" time="0" id="116" name="/src/node_modules/http-errors/index.js" package="index.js" skipped="0" tests="1" timestamp="2025-06-18T02:55:33.165948972"><testcase classname="dependency-check" name="index.js"/></testsuite><testsuite failures="0" errors="0" time="0" id="117" name="/src/node_modules/iconv-lite/encodings/index.js" package="index.js" skipped="0" tests="1" timestamp="2025-06-18T02:55:33.165948972"><testcase classname="dependency-check" name="index.js"/></testsuite><testsuite failures="0" errors="0" time="0" id="118" name="/src/node_modules/iconv-lite/lib/index.js" package="index.js" skipped="0" tests="1" timestamp="2025-06-18T02:55:33.165948972"><testcase classname="dependency-check" name="index.js"/></testsuite><testsuite failures="0" errors="0" time="0" id="119" name="/src/node_modules/is-promise/index.js" package="index.js" skipped="0" tests="1" timestamp="2025-06-18T02:55:33.165948972"><testcase classname="dependency-check" name="index.js"/></testsuite><testsuite failures="0" errors="0" time="0" id="120" name="/src/node_modules/math-intrinsics/test/index.js" package="index.js" skipped="0" tests="1" timestamp="2025-06-18T02:55:33.165948972"><testcase classname="dependency-check" name="index.js"/></testsuite><testsuite failures="0" errors="0" time="0" id="121" name="/src/node_modules/media-typer/index.js" package="index.js" skipped="0" tests="1" timestamp="2025-06-18T02:55:33.165948972"><testcase classname="dependency-check" name="index.js"/></testsuite><testsuite failures="0" errors="0" time="0" id="122" name="/src/node_modules/merge-descriptors/index.js" package="index.js" skipped="0" tests="1" timestamp="2025-06-18T02:55:33.165948972"><testcase classname="dependency-check" name="index.js"/></testsuite><testsuite failures="0" errors="0" time="0" id="123" name="/src/node_modules/mime-db/index.js" package="index.js" skipped="0" tests="1" timestamp="2025-06-18T02:55:33.165948972"><testcase classname="dependency-check" name="index.js"/></testsuite><testsuite failures="0" errors="0" time="0" id="124" name="/src/node_modules/mime-types/index.js" package="index.js" skipped="0" tests="1" timestamp="2025-06-18T02:55:33.165948972"><testcase classname="dependency-check" name="index.js"/></testsuite><testsuite failures="0" errors="0" time="0" id="125" name="/src/node_modules/ms/index.js" package="index.js" skipped="0" tests="1" timestamp="2025-06-18T02:55:33.165948972"><testcase classname="dependency-check" name="index.js"/></testsuite><testsuite failures="0" errors="0" time="0" id="126" name="/src/node_modules/negotiator/index.js" package="index.js" skipped="0" tests="1" timestamp="2025-06-18T02:55:33.165948972"><testcase classname="dependency-check" name="index.js"/></testsuite><testsuite failures="0" errors="0" time="0" id="127" name="/src/node_modules/object-inspect/index.js" package="index.js" skipped="0" tests="1" timestamp="2025-06-18T02:55:33.165948972"><testcase classname="dependency-check" name="index.js"/></testsuite><testsuite failures="0" errors="0" time="0" id="128" name="/src/node_modules/on-finished/index.js" package="index.js" skipped="0" tests="1" timestamp="2025-06-18T02:55:33.165948972"><testcase classname="dependency-check" name="index.js"/></testsuite><testsuite failures="0" errors="0" time="0" id="129" name="/src/node_modules/parseurl/index.js" package="index.js" skipped="0" tests="1" timestamp="2025-06-18T02:55:33.165948972"><testcase classname="dependency-check" name="index.js"/></testsuite><testsuite failures="0" errors="0" time="0" id="130" name="/src/node_modules/path-to-regexp/dist/index.js" package="index.js" skipped="0" tests="1" timestamp="2025-06-18T02:55:33.165948972"><testcase classname="dependency-check" name="index.js"/></testsuite><testsuite failures="0" errors="0" time="0" id="131" name="/src/node_modules/proxy-addr/index.js" package="index.js" skipped="0" tests="1" timestamp="2025-06-18T02:55:33.165948972"><testcase classname="dependency-check" name="index.js"/></testsuite><testsuite failures="0" errors="0" time="0" id="132" name="/src/node_modules/qs/lib/index.js" package="index.js" skipped="0" tests="1" timestamp="2025-06-18T02:55:33.165948972"><testcase classname="dependency-check" name="index.js"/></testsuite><testsuite failures="0" errors="0" time="0" id="133" name="/src/node_modules/range-parser/index.js" package="index.js" skipped="0" tests="1" timestamp="2025-06-18T02:55:33.165948972"><testcase classname="dependency-check" name="index.js"/></testsuite><testsuite failures="0" errors="0" time="0" id="134" name="/src/node_modules/raw-body/index.js" package="index.js" skipped="0" tests="1" timestamp="2025-06-18T02:55:33.165948972"><testcase classname="dependency-check" name="index.js"/></testsuite><testsuite failures="0" errors="0" time="0" id="135" name="/src/node_modules/router/index.js" package="index.js" skipped="0" tests="1" timestamp="2025-06-18T02:55:33.165948972"><testcase classname="dependency-check" name="index.js"/></testsuite><testsuite failures="0" errors="0" time="0" id="136" name="/src/node_modules/safe-buffer/index.js" package="index.js" skipped="0" tests="1" timestamp="2025-06-18T02:55:33.165948972"><testcase classname="dependency-check" name="index.js"/></testsuite><testsuite failures="0" errors="0" time="0" id="137" name="/src/node_modules/send/index.js" package="index.js" skipped="0" tests="1" timestamp="2025-06-18T02:55:33.165948972"><testcase classname="dependency-check" name="index.js"/></testsuite><testsuite failures="0" errors="0" time="0" id="138" name="/src/node_modules/serve-static/index.js" package="index.js" skipped="0" tests="1" timestamp="2025-06-18T02:55:33.165948972"><testcase classname="dependency-check" name="index.js"/></testsuite><testsuite failures="0" errors="0" time="0" id="139" name="/src/node_modules/setprototypeof/index.js" package="index.js" skipped="0" tests="1" timestamp="2025-06-18T02:55:33.165948972"><testcase classname="dependency-check" name="index.js"/></testsuite><testsuite failures="0" errors="0" time="0" id="140" name="/src/node_modules/setprototypeof/test/index.js" package="index.js" skipped="0" tests="1" timestamp="2025-06-18T02:55:33.165948972"><testcase classname="dependency-check" name="index.js"/></testsuite><testsuite failures="0" errors="0" time="0" id="141" name="/src/node_modules/side-channel-list/index.js" package="index.js" skipped="0" tests="1" timestamp="2025-06-18T02:55:33.165948972"><testcase classname="dependency-check" name="index.js"/></testsuite><testsuite failures="0" errors="0" time="0" id="142" name="/src/node_modules/side-channel-list/test/index.js" package="index.js" skipped="0" tests="1" timestamp="2025-06-18T02:55:33.165948972"><testcase classname="dependency-check" name="index.js"/></testsuite><testsuite failures="0" errors="0" time="0" id="143" name="/src/node_modules/side-channel-map/index.js" package="index.js" skipped="0" tests="1" timestamp="2025-06-18T02:55:33.165948972"><testcase classname="dependency-check" name="index.js"/></testsuite><testsuite failures="0" errors="0" time="0" id="144" name="/src/node_modules/side-channel-map/test/index.js" package="index.js" skipped="0" tests="1" timestamp="2025-06-18T02:55:33.165948972"><testcase classname="dependency-check" name="index.js"/></testsuite><testsuite failures="0" errors="0" time="0" id="145" name="/src/node_modules/side-channel-weakmap/index.js" package="index.js" skipped="0" tests="1" timestamp="2025-06-18T02:55:33.165948972"><testcase classname="dependency-check" name="index.js"/></testsuite><testsuite failures="0" errors="0" time="0" id="146" name="/src/node_modules/side-channel-weakmap/test/index.js" package="index.js" skipped="0" tests="1" timestamp="2025-06-18T02:55:33.165948972"><testcase classname="dependency-check" name="index.js"/></testsuite><testsuite failures="0" errors="0" time="0" id="147" name="/src/node_modules/side-channel/index.js" package="index.js" skipped="0" tests="1" timestamp="2025-06-18T02:55:33.165948972"><testcase classname="dependency-check" name="index.js"/></testsuite><testsuite failures="0" errors="0" time="0" id="148" name="/src/node_modules/side-channel/test/index.js" package="index.js" skipped="0" tests="1" timestamp="2025-06-18T02:55:33.165948972"><testcase classname="dependency-check" name="index.js"/></testsuite><testsuite failures="0" errors="0" time="0" id="149" name="/src/node_modules/statuses/index.js" package="index.js" skipped="0" tests="1" timestamp="2025-06-18T02:55:33.165948972"><testcase classname="dependency-check" name="index.js"/></testsuite><testsuite failures="0" errors="0" time="0" id="150" name="/src/node_modules/toidentifier/index.js" package="index.js" skipped="0" tests="1" timestamp="2025-06-18T02:55:33.165948972"><testcase classname="dependency-check" name="index.js"/></testsuite><testsuite failures="0" errors="0" time="0" id="151" name="/src/node_modules/type-is/index.js" package="index.js" skipped="0" tests="1" timestamp="2025-06-18T02:55:33.165948972"><testcase classname="dependency-check" name="index.js"/></testsuite><testsuite failures="0" errors="0" time="0" id="152" name="/src/node_modules/unpipe/index.js" package="index.js" skipped="0" tests="1" timestamp="2025-06-18T02:55:33.165948972"><testcase classname="dependency-check" name="index.js"/></testsuite><testsuite failures="0" errors="0" time="0" id="153" name="/src/node_modules/vary/index.js" package="index.js" skipped="0" tests="1" timestamp="2025-06-18T02:55:33.165948972"><testcase classname="dependency-check" name="index.js"/></testsuite><testsuite failures="0" errors="0" time="0" id="154" name="/src/node_modules/inherits/inherits.js" package="inherits.js" skipped="0" tests="1" timestamp="2025-06-18T02:55:33.165948972"><testcase classname="dependency-check" name="inherits.js"/></testsuite><testsuite failures="0" errors="0" time="0" id="155" name="/src/package-lock.json?/inherits:2.0.4" package="inherits:2.0.4" skipped="0" tests="1" timestamp="2025-06-18T02:55:33.165948972"><testcase classname="dependency-check" name="inherits:2.0.4"/></testsuite><testsuite failures="0" errors="0" time="0" id="156" name="/src/node_modules/inherits/inherits_browser.js" package="inherits_browser.js" skipped="0" tests="1" timestamp="2025-06-18T02:55:33.165948972"><testcase classname="dependency-check" name="inherits_browser.js"/></testsuite><testsuite failures="0" errors="0" time="0" id="157" name="/src/node_modules/object-inspect/example/inspect.js" package="inspect.js" skipped="0" tests="1" timestamp="2025-06-18T02:55:33.165948972"><testcase classname="dependency-check" name="inspect.js"/></testsuite><testsuite failures="0" errors="0" time="0" id="158" name="/src/node_modules/object-inspect/test/inspect.js" package="inspect.js" skipped="0" tests="1" timestamp="2025-06-18T02:55:33.165948972"><testcase classname="dependency-check" name="inspect.js"/></testsuite><testsuite failures="0" errors="0" time="0" id="159" name="/src/node_modules/iconv-lite/encodings/internal.js" package="internal.js" skipped="0" tests="1" timestamp="2025-06-18T02:55:33.165948972"><testcase classname="dependency-check" name="internal.js"/></testsuite><testsuite failures="0" errors="0" time="0" id="160" name="/src/node_modules/ipaddr.js/lib/ipaddr.js" package="ipaddr.js" skipped="0" tests="1" timestamp="2025-06-18T02:55:33.165948972"><testcase classname="dependency-check" name="ipaddr.js"/></testsuite><testsuite failures="0" errors="0" time="0" id="161" name="/src/package-lock.json?proxy-addr:2.0.7/ipaddr.js:1.9.1" package="ipaddr.js:1.9.1" skipped="0" tests="1" timestamp="2025-06-18T02:55:33.165948972"><testcase classname="dependency-check" name="ipaddr.js:1.9.1"/></testsuite><testsuite failures="0" errors="0" time="0" id="162" name="/src/node_modules/ipaddr.js/ipaddr.min.js" package="ipaddr.min.js" skipped="0" tests="1" timestamp="2025-06-18T02:55:33.165948972"><testcase classname="dependency-check" name="ipaddr.min.js"/></testsuite><testsuite failures="0" errors="0" time="0" id="163" name="/src/package-lock.json?router:2.2.0/is-promise:^4.0.0" package="is-promise:4.0.0" skipped="0" tests="1" timestamp="2025-06-18T02:55:33.165948972"><testcase classname="dependency-check" name="is-promise:4.0.0"/></testsuite><testsuite failures="0" errors="0" time="0" id="164" name="/src/node_modules/math-intrinsics/isFinite.js" package="isFinite.js" skipped="0" tests="1" timestamp="2025-06-18T02:55:33.165948972"><testcase classname="dependency-check" name="isFinite.js"/></testsuite><testsuite failures="0" errors="0" time="0" id="165" name="/src/node_modules/math-intrinsics/isInteger.js" package="isInteger.js" skipped="0" tests="1" timestamp="2025-06-18T02:55:33.165948972"><testcase classname="dependency-check" name="isInteger.js"/></testsuite><testsuite failures="0" errors="0" time="0" id="166" name="/src/node_modules/math-intrinsics/isNaN.js" package="isNaN.js" skipped="0" tests="1" timestamp="2025-06-18T02:55:33.165948972"><testcase classname="dependency-check" name="isNaN.js"/></testsuite><testsuite failures="0" errors="0" time="0" id="167" name="/src/node_modules/math-intrinsics/isNegativeZero.js" package="isNegativeZero.js" skipped="0" tests="1" timestamp="2025-06-18T02:55:33.165948972"><testcase classname="dependency-check" name="isNegativeZero.js"/></testsuite><testsuite failures="0" errors="0" time="0" id="168" name="/src/node_modules/es-object-atoms/isObject.js" package="isObject.js" skipped="0" tests="1" timestamp="2025-06-18T02:55:33.165948972"><testcase classname="dependency-check" name="isObject.js"/></testsuite><testsuite failures="0" errors="0" time="0" id="169" name="/src/node_modules/body-parser/lib/types/json.js" package="json.js" skipped="0" tests="1" timestamp="2025-06-18T02:55:33.165948972"><testcase classname="dependency-check" name="json.js"/></testsuite><testsuite failures="0" errors="0" time="0" id="170" name="/src/node_modules/negotiator/lib/language.js" package="language.js" skipped="0" tests="1" timestamp="2025-06-18T02:55:33.165948972"><testcase classname="dependency-check" name="language.js"/></testsuite><testsuite failures="0" errors="0" time="0" id="171" name="/src/node_modules/router/lib/layer.js" package="layer.js" skipped="0" tests="1" timestamp="2025-06-18T02:55:33.165948972"><testcase classname="dependency-check" name="layer.js"/></testsuite><testsuite failures="0" errors="0" time="0" id="172" name="/src/node_modules/object-inspect/test/lowbyte.js" package="lowbyte.js" skipped="0" tests="1" timestamp="2025-06-18T02:55:33.165948972"><testcase classname="dependency-check" name="lowbyte.js"/></testsuite><testsuite failures="0" errors="0" time="0" id="173" name="/src/package-lock.json?/math-intrinsics:1.1.0" package="math-intrinsics:1.1.0" skipped="0" tests="1" timestamp="2025-06-18T02:55:33.165948972"><testcase classname="dependency-check" name="math-intrinsics:1.1.0"/></testsuite><testsuite failures="0" errors="0" time="0" id="174" name="/src/node_modules/math-intrinsics/max.js" package="max.js" skipped="0" tests="1" timestamp="2025-06-18T02:55:33.165948972"><testcase classname="dependency-check" name="max.js"/></testsuite><testsuite failures="0" errors="0" time="0" id="175" name="/src/node_modules/math-intrinsics/constants/maxArrayLength.js" package="maxArrayLength.js" skipped="0" tests="1" timestamp="2025-06-18T02:55:33.165948972"><testcase classname="dependency-check" name="maxArrayLength.js"/></testsuite><testsuite failures="0" errors="0" time="0" id="176" name="/src/node_modules/math-intrinsics/constants/maxSafeInteger.js" package="maxSafeInteger.js" skipped="0" tests="1" timestamp="2025-06-18T02:55:33.165948972"><testcase classname="dependency-check" name="maxSafeInteger.js"/></testsuite><testsuite failures="0" errors="0" time="0" id="177" name="/src/node_modules/math-intrinsics/constants/maxValue.js" package="maxValue.js" skipped="0" tests="1" timestamp="2025-06-18T02:55:33.165948972"><testcase classname="dependency-check" name="maxValue.js"/></testsuite><testsuite failures="0" errors="0" time="0" id="178" name="/src/package-lock.json?type-is:2.0.1/media-typer:^1.1.0" package="media-typer:1.1.0" skipped="0" tests="1" timestamp="2025-06-18T02:55:33.165948972"><testcase classname="dependency-check" name="media-typer:1.1.0"/></testsuite><testsuite failures="0" errors="0" time="0" id="179" name="/src/node_modules/negotiator/lib/mediaType.js" package="mediaType.js" skipped="0" tests="1" timestamp="2025-06-18T02:55:33.165948972"><testcase classname="dependency-check" name="mediaType.js"/></testsuite><testsuite failures="0" errors="0" time="0" id="180" name="/src/package-lock.json?/merge-descriptors:2.0.0" package="merge-descriptors:2.0.0" skipped="0" tests="1" timestamp="2025-06-18T02:55:33.165948972"><testcase classname="dependency-check" name="merge-descriptors:2.0.0"/></testsuite><testsuite failures="0" errors="0" time="0" id="181" name="/src/package-lock.json?mime-types:3.0.1/mime-db:^1.54.0" package="mime-db:1.54.0" skipped="0" tests="1" timestamp="2025-06-18T02:55:33.165948972"><testcase classname="dependency-check" name="mime-db:1.54.0"/></testsuite><testsuite failures="0" errors="0" time="0" id="182" name="/src/package-lock.json?type-is:2.0.1/mime-types:^3.0.0" package="mime-types:3.0.1" skipped="0" tests="1" timestamp="2025-06-18T02:55:33.165948972"><testcase classname="dependency-check" name="mime-types:3.0.1"/></testsuite><testsuite failures="0" errors="0" time="0" id="183" name="/src/node_modules/mime-types/mimeScore.js" package="mimeScore.js" skipped="0" tests="1" timestamp="2025-06-18T02:55:33.165948972"><testcase classname="dependency-check" name="mimeScore.js"/></testsuite><testsuite failures="0" errors="0" time="0" id="184" name="/src/node_modules/math-intrinsics/min.js" package="min.js" skipped="0" tests="1" timestamp="2025-06-18T02:55:33.165948972"><testcase classname="dependency-check" name="min.js"/></testsuite><testsuite failures="0" errors="0" time="0" id="185" name="/src/node_modules/math-intrinsics/mod.js" package="mod.js" skipped="0" tests="1" timestamp="2025-06-18T02:55:33.165948972"><testcase classname="dependency-check" name="mod.js"/></testsuite><testsuite failures="0" errors="0" time="0" id="186" name="/src/package-lock.json?send:1.2.0/ms:^2.1.3" package="ms:2.1.3" skipped="0" tests="1" timestamp="2025-06-18T02:55:33.165948972"><testcase classname="dependency-check" name="ms:2.1.3"/></testsuite><testsuite failures="0" errors="0" time="0" id="187" name="/src/package-lock.json?/negotiator:1.0.0" package="negotiator:1.0.0" skipped="0" tests="1" timestamp="2025-06-18T02:55:33.165948972"><testcase classname="dependency-check" name="negotiator:1.0.0"/></testsuite><testsuite failures="0" errors="0" time="0" id="188" name="/src/node_modules/debug/src/node.js" package="node.js" skipped="0" tests="1" timestamp="2025-06-18T02:55:33.165948972"><testcase classname="dependency-check" name="node.js"/></testsuite><testsuite failures="0" errors="0" time="0" id="189" name="/src/node_modules/object-inspect/test/number.js" package="number.js" skipped="0" tests="1" timestamp="2025-06-18T02:55:33.165948972"><testcase classname="dependency-check" name="number.js"/></testsuite><testsuite failures="0" errors="0" time="0" id="190" name="/src/package-lock.json?side-channel-weakmap:1.0.2/object-inspect:^1.13.3" package="object-inspect:1.13.4" skipped="0" tests="1" timestamp="2025-06-18T02:55:33.165948972"><testcase classname="dependency-check" name="object-inspect:1.13.4"/></testsuite><testsuite failures="0" errors="0" time="0" id="191" name="/src/package-lock.json?send:1.2.0/on-finished:^2.4.1" package="on-finished:2.4.1" skipped="0" tests="1" timestamp="2025-06-18T02:55:33.165948972"><testcase classname="dependency-check" name="on-finished:2.4.1"/></testsuite><testsuite failures="0" errors="0" time="0" id="192" name="/src/node_modules/once/once.js" package="once.js" skipped="0" tests="1" timestamp="2025-06-18T02:55:33.165948972"><testcase classname="dependency-check" name="once.js"/></testsuite><testsuite failures="0" errors="0" time="0" id="193" name="/src/package-lock.json?/once:1.4.0" package="once:1.4.0" skipped="0" tests="1" timestamp="2025-06-18T02:55:33.165948972"><testcase classname="dependency-check" name="once:1.4.0"/></testsuite><testsuite failures="0" errors="0" time="0" id="194" name="/src/node_modules/qs/lib/parse.js" package="parse.js" skipped="0" tests="1" timestamp="2025-06-18T02:55:33.165948972"><testcase classname="dependency-check" name="parse.js"/></testsuite><testsuite failures="0" errors="0" time="0" id="195" name="/src/node_modules/qs/test/parse.js" package="parse.js" skipped="0" tests="1" timestamp="2025-06-18T02:55:33.165948972"><testcase classname="dependency-check" name="parse.js"/></testsuite><testsuite failures="0" errors="0" time="0" id="196" name="/src/package-lock.json?serve-static:2.2.0/parseurl:^1.3.3" package="parseurl:1.3.3" skipped="0" tests="1" timestamp="2025-06-18T02:55:33.165948972"><testcase classname="dependency-check" name="parseurl:1.3.3"/></testsuite><testsuite failures="0" errors="0" time="0" id="197" name="/src/package-lock.json?router:2.2.0/path-to-regexp:^8.0.0" package="path-to-regexp:8.2.0" skipped="0" tests="1" timestamp="2025-06-18T02:55:33.165948972"><testcase classname="dependency-check" name="path-to-regexp:8.2.0"/></testsuite><testsuite failures="0" errors="0" time="0" id="198" name="/src/node_modules/math-intrinsics/pow.js" package="pow.js" skipped="0" tests="1" timestamp="2025-06-18T02:55:33.165948972"><testcase classname="dependency-check" name="pow.js"/></testsuite><testsuite failures="0" errors="0" time="0" id="199" name="/src/package-lock.json?/proxy-addr:2.0.7" package="proxy-addr:2.0.7" skipped="0" tests="1" timestamp="2025-06-18T02:55:33.165948972"><testcase classname="dependency-check" name="proxy-addr:2.0.7"/></testsuite><testsuite failures="0" errors="0" time="0" id="200" name="/src/node_modules/qs/dist/qs.js" package="qs.js" skipped="0" tests="1" timestamp="2025-06-18T02:55:33.165948972"><testcase classname="dependency-check" name="qs.js"/></testsuite><testsuite failures="0" errors="0" time="0" id="201" name="/src/package-lock.json?/qs:6.14.0" package="qs:6.14.0" skipped="0" tests="1" timestamp="2025-06-18T02:55:33.165948972"><testcase classname="dependency-check" name="qs:6.14.0"/></testsuite><testsuite failures="0" errors="0" time="0" id="202" name="/src/node_modules/object-inspect/test/quoteStyle.js" package="quoteStyle.js" skipped="0" tests="1" timestamp="2025-06-18T02:55:33.165948972"><testcase classname="dependency-check" name="quoteStyle.js"/></testsuite><testsuite failures="0" errors="0" time="0" id="203" name="/src/package-lock.json?send:1.2.0/range-parser:^1.2.1" package="range-parser:1.2.1" skipped="0" tests="1" timestamp="2025-06-18T02:55:33.165948972"><testcase classname="dependency-check" name="range-parser:1.2.1"/></testsuite><testsuite failures="0" errors="0" time="0" id="204" name="/src/node_modules/es-errors/range.js" package="range.js" skipped="0" tests="1" timestamp="2025-06-18T02:55:33.165948972"><testcase classname="dependency-check" name="range.js"/></testsuite><testsuite failures="0" errors="0" time="0" id="205" name="/src/package-lock.json?/raw-body:3.0.0" package="raw-body:3.0.0" skipped="0" tests="1" timestamp="2025-06-18T02:55:33.165948972"><testcase classname="dependency-check" name="raw-body:3.0.0"/></testsuite><testsuite failures="0" errors="0" time="0" id="206" name="/src/node_modules/body-parser/lib/types/raw.js" package="raw.js" skipped="0" tests="1" timestamp="2025-06-18T02:55:33.165948972"><testcase classname="dependency-check" name="raw.js"/></testsuite><testsuite failures="0" errors="0" time="0" id="207" name="/src/node_modules/body-parser/lib/read.js" package="read.js" skipped="0" tests="1" timestamp="2025-06-18T02:55:33.165948972"><testcase classname="dependency-check" name="read.js"/></testsuite><testsuite failures="0" errors="0" time="0" id="208" name="/src/node_modules/es-errors/ref.js" package="ref.js" skipped="0" tests="1" timestamp="2025-06-18T02:55:33.165948972"><testcase classname="dependency-check" name="ref.js"/></testsuite><testsuite failures="0" errors="0" time="0" id="209" name="/src/node_modules/call-bind-apply-helpers/reflectApply.js" package="reflectApply.js" skipped="0" tests="1" timestamp="2025-06-18T02:55:33.165948972"><testcase classname="dependency-check" name="reflectApply.js"/></testsuite><testsuite failures="0" errors="0" time="0" id="210" name="/src/node_modules/express/lib/request.js" package="request.js" skipped="0" tests="1" timestamp="2025-06-18T02:55:33.165948972"><testcase classname="dependency-check" name="request.js"/></testsuite><testsuite failures="0" errors="0" time="0" id="211" name="/src/node_modules/express/lib/response.js" package="response.js" skipped="0" tests="1" timestamp="2025-06-18T02:55:33.165948972"><testcase classname="dependency-check" name="response.js"/></testsuite><testsuite failures="0" errors="0" time="0" id="212" name="/src/node_modules/math-intrinsics/round.js" package="round.js" skipped="0" tests="1" timestamp="2025-06-18T02:55:33.165948972"><testcase classname="dependency-check" name="round.js"/></testsuite><testsuite failures="0" errors="0" time="0" id="213" name="/src/node_modules/router/lib/route.js" package="route.js" skipped="0" tests="1" timestamp="2025-06-18T02:55:33.165948972"><testcase classname="dependency-check" name="route.js"/></testsuite><testsuite failures="0" errors="0" time="0" id="214" name="/src/package-lock.json?/router:2.2.0" package="router:2.2.0" skipped="0" tests="1" timestamp="2025-06-18T02:55:33.165948972"><testcase classname="dependency-check" name="router:2.2.0"/></testsuite><testsuite failures="0" errors="0" time="0" id="215" name="/src/package-lock.json?/safe-buffer:5.2.1" package="safe-buffer:5.2.1" skipped="0" tests="1" timestamp="2025-06-18T02:55:33.165948972"><testcase classname="dependency-check" name="safe-buffer:5.2.1"/></testsuite><testsuite failures="0" errors="0" time="0" id="216" name="/src/package-lock.json?/safer-buffer:2.1.2" package="safer-buffer:2.1.2" skipped="0" tests="1" timestamp="2025-06-18T02:55:33.165948972"><testcase classname="dependency-check" name="safer-buffer:2.1.2"/></testsuite><testsuite failures="0" errors="0" time="0" id="217" name="/src/node_modules/safer-buffer/safer.js" package="safer.js" skipped="0" tests="1" timestamp="2025-06-18T02:55:33.165948972"><testcase classname="dependency-check" name="safer.js"/></testsuite><testsuite failures="0" errors="0" time="0" id="218" name="/src/node_modules/iconv-lite/encodings/sbcs-codec.js" package="sbcs-codec.js" skipped="0" tests="1" timestamp="2025-06-18T02:55:33.165948972"><testcase classname="dependency-check" name="sbcs-codec.js"/></testsuite><testsuite failures="0" errors="0" time="0" id="219" name="/src/node_modules/iconv-lite/encodings/sbcs-data-generated.js" package="sbcs-data-generated.js" skipped="0" tests="1" timestamp="2025-06-18T02:55:33.165948972"><testcase classname="dependency-check" name="sbcs-data-generated.js"/></testsuite><testsuite failures="0" errors="0" time="0" id="220" name="/src/node_modules/iconv-lite/encodings/sbcs-data.js" package="sbcs-data.js" skipped="0" tests="1" timestamp="2025-06-18T02:55:33.165948972"><testcase classname="dependency-check" name="sbcs-data.js"/></testsuite><testsuite failures="0" errors="0" time="0" id="221" name="/src/package-lock.json?serve-static:2.2.0/send:^1.2.0" package="send:1.2.0" skipped="0" tests="1" timestamp="2025-06-18T02:55:33.165948972"><testcase classname="dependency-check" name="send:1.2.0"/></testsuite><testsuite failures="0" errors="0" time="0" id="222" name="/src/package-lock.json?/serve-static:2.2.0" package="serve-static:2.2.0" skipped="0" tests="1" timestamp="2025-06-18T02:55:33.165948972"><testcase classname="dependency-check" name="serve-static:2.2.0"/></testsuite><testsuite failures="0" errors="0" time="0" id="223" name="/src/node_modules/dunder-proto/set.js" package="set.js" skipped="0" tests="1" timestamp="2025-06-18T02:55:33.165948972"><testcase classname="dependency-check" name="set.js"/></testsuite><testsuite failures="0" errors="0" time="0" id="224" name="/src/node_modules/dunder-proto/test/set.js" package="set.js" skipped="0" tests="1" timestamp="2025-06-18T02:55:33.165948972"><testcase classname="dependency-check" name="set.js"/></testsuite><testsuite failures="0" errors="0" time="0" id="225" name="/src/package-lock.json?/setprototypeof:1.2.0" package="setprototypeof:1.2.0" skipped="0" tests="1" timestamp="2025-06-18T02:55:33.165948972"><testcase classname="dependency-check" name="setprototypeof:1.2.0"/></testsuite><testsuite failures="0" errors="0" time="0" id="226" name="/src/node_modules/has-symbols/shams.js" package="shams.js" skipped="0" tests="1" timestamp="2025-06-18T02:55:33.165948972"><testcase classname="dependency-check" name="shams.js"/></testsuite><testsuite failures="0" errors="0" time="0" id="227" name="/src/package-lock.json?/side-channel-list:1.0.0" package="side-channel-list:1.0.0" skipped="0" tests="1" timestamp="2025-06-18T02:55:33.165948972"><testcase classname="dependency-check" name="side-channel-list:1.0.0"/></testsuite><testsuite failures="0" errors="0" time="0" id="228" name="/src/package-lock.json?side-channel-weakmap:1.0.2/side-channel-map:^1.0.1" package="side-channel-map:1.0.1" skipped="0" tests="1" timestamp="2025-06-18T02:55:33.165948972"><testcase classname="dependency-check" name="side-channel-map:1.0.1"/></testsuite><testsuite failures="0" errors="0" time="0" id="229" name="/src/package-lock.json?/side-channel-weakmap:1.0.2" package="side-channel-weakmap:1.0.2" skipped="0" tests="1" timestamp="2025-06-18T02:55:33.165948972"><testcase classname="dependency-check" name="side-channel-weakmap:1.0.2"/></testsuite><testsuite failures="0" errors="0" time="0" id="230" name="/src/package-lock.json?/side-channel:1.1.0" package="side-channel:1.1.0" skipped="0" tests="1" timestamp="2025-06-18T02:55:33.165948972"><testcase classname="dependency-check" name="side-channel:1.1.0"/></testsuite><testsuite failures="0" errors="0" time="0" id="231" name="/src/node_modules/math-intrinsics/sign.js" package="sign.js" skipped="0" tests="1" timestamp="2025-06-18T02:55:33.165948972"><testcase classname="dependency-check" name="sign.js"/></testsuite><testsuite failures="0" errors="0" time="0" id="232" name="/src/package-lock.json?/statuses:2.0.1" package="statuses:2.0.1" skipped="0" tests="1" timestamp="2025-06-18T02:55:33.165948972"><testcase classname="dependency-check" name="statuses:2.0.1"/></testsuite><testsuite failures="0" errors="0" time="0" id="233" name="/src/package-lock.json?/statuses:2.0.2" package="statuses:2.0.2" skipped="0" tests="1" timestamp="2025-06-18T02:55:33.165948972"><testcase classname="dependency-check" name="statuses:2.0.2"/></testsuite><testsuite failures="0" errors="0" time="0" id="234" name="/src/node_modules/iconv-lite/lib/streams.js" package="streams.js" skipped="0" tests="1" timestamp="2025-06-18T02:55:33.165948972"><testcase classname="dependency-check" name="streams.js"/></testsuite><testsuite failures="0" errors="0" time="0" id="235" name="/src/node_modules/qs/lib/stringify.js" package="stringify.js" skipped="0" tests="1" timestamp="2025-06-18T02:55:33.165948972"><testcase classname="dependency-check" name="stringify.js"/></testsuite><testsuite failures="0" errors="0" time="0" id="236" name="/src/node_modules/qs/test/stringify.js" package="stringify.js" skipped="0" tests="1" timestamp="2025-06-18T02:55:33.165948972"><testcase classname="dependency-check" name="stringify.js"/></testsuite><testsuite failures="0" errors="0" time="0" id="237" name="/src/node_modules/es-errors/syntax.js" package="syntax.js" skipped="0" tests="1" timestamp="2025-06-18T02:55:33.165948972"><testcase classname="dependency-check" name="syntax.js"/></testsuite><testsuite failures="0" errors="0" time="0" id="238" name="/src/node_modules/object-inspect/test-core-js.js" package="test-core-js.js" skipped="0" tests="1" timestamp="2025-06-18T02:55:33.165948972"><testcase classname="dependency-check" name="test-core-js.js"/></testsuite><testsuite failures="0" errors="0" time="0" id="239" name="/src/node_modules/has-symbols/test/tests.js" package="tests.js" skipped="0" tests="1" timestamp="2025-06-18T02:55:33.165948972"><testcase classname="dependency-check" name="tests.js"/></testsuite><testsuite failures="0" errors="0" time="0" id="240" name="/src/node_modules/safer-buffer/tests.js" package="tests.js" skipped="0" tests="1" timestamp="2025-06-18T02:55:33.165948972"><testcase classname="dependency-check" name="tests.js"/></testsuite><testsuite failures="0" errors="0" time="0" id="241" name="/src/node_modules/body-parser/lib/types/text.js" package="text.js" skipped="0" tests="1" timestamp="2025-06-18T02:55:33.165948972"><testcase classname="dependency-check" name="text.js"/></testsuite><testsuite failures="0" errors="0" time="0" id="242" name="/src/node_modules/object-inspect/test/toStringTag.js" package="toStringTag.js" skipped="0" tests="1" timestamp="2025-06-18T02:55:33.165948972"><testcase classname="dependency-check" name="toStringTag.js"/></testsuite><testsuite failures="0" errors="0" time="0" id="243" name="/src/package-lock.json?/toidentifier:1.0.1" package="toidentifier:1.0.1" skipped="0" tests="1" timestamp="2025-06-18T02:55:33.165948972"><testcase classname="dependency-check" name="toidentifier:1.0.1"/></testsuite><testsuite failures="0" errors="0" time="0" id="244" name="/src/package-lock.json?/type-is:2.0.1" package="type-is:2.0.1" skipped="0" tests="1" timestamp="2025-06-18T02:55:33.165948972"><testcase classname="dependency-check" name="type-is:2.0.1"/></testsuite><testsuite failures="0" errors="0" time="0" id="245" name="/src/node_modules/es-errors/type.js" package="type.js" skipped="0" tests="1" timestamp="2025-06-18T02:55:33.165948972"><testcase classname="dependency-check" name="type.js"/></testsuite><testsuite failures="0" errors="0" time="0" id="246" name="/src/node_modules/object-inspect/test/undef.js" package="undef.js" skipped="0" tests="1" timestamp="2025-06-18T02:55:33.165948972"><testcase classname="dependency-check" name="undef.js"/></testsuite><testsuite failures="0" errors="0" time="0" id="247" name="/src/package-lock.json?/unpipe:1.0.0" package="unpipe:1.0.0" skipped="0" tests="1" timestamp="2025-06-18T02:55:33.165948972"><testcase classname="dependency-check" name="unpipe:1.0.0"/></testsuite><testsuite failures="0" errors="0" time="0" id="248" name="/src/node_modules/es-errors/uri.js" package="uri.js" skipped="0" tests="1" timestamp="2025-06-18T02:55:33.165948972"><testcase classname="dependency-check" name="uri.js"/></testsuite><testsuite failures="0" errors="0" time="0" id="249" name="/src/node_modules/body-parser/lib/types/urlencoded.js" package="urlencoded.js" skipped="0" tests="1" timestamp="2025-06-18T02:55:33.165948972"><testcase classname="dependency-check" name="urlencoded.js"/></testsuite><testsuite failures="0" errors="0" time="0" id="250" name="/src/node_modules/iconv-lite/encodings/utf16.js" package="utf16.js" skipped="0" tests="1" timestamp="2025-06-18T02:55:33.165948972"><testcase classname="dependency-check" name="utf16.js"/></testsuite><testsuite failures="0" errors="0" time="0" id="251" name="/src/node_modules/iconv-lite/encodings/utf32.js" package="utf32.js" skipped="0" tests="1" timestamp="2025-06-18T02:55:33.165948972"><testcase classname="dependency-check" name="utf32.js"/></testsuite><testsuite failures="0" errors="0" time="0" id="252" name="/src/node_modules/iconv-lite/encodings/utf7.js" package="utf7.js" skipped="0" tests="1" timestamp="2025-06-18T02:55:33.165948972"><testcase classname="dependency-check" name="utf7.js"/></testsuite><testsuite failures="0" errors="0" time="0" id="253" name="/src/node_modules/object-inspect/util.inspect.js" package="util.inspect.js" skipped="0" tests="1" timestamp="2025-06-18T02:55:33.165948972"><testcase classname="dependency-check" name="util.inspect.js"/></testsuite><testsuite failures="0" errors="0" time="0" id="254" name="/src/node_modules/body-parser/lib/utils.js" package="utils.js" skipped="0" tests="1" timestamp="2025-06-18T02:55:33.165948972"><testcase classname="dependency-check" name="utils.js"/></testsuite><testsuite failures="0" errors="0" time="0" id="255" name="/src/node_modules/express/lib/utils.js" package="utils.js" skipped="0" tests="1" timestamp="2025-06-18T02:55:33.165948972"><testcase classname="dependency-check" name="utils.js"/></testsuite><testsuite failures="0" errors="0" time="0" id="256" name="/src/node_modules/qs/lib/utils.js" package="utils.js" skipped="0" tests="1" timestamp="2025-06-18T02:55:33.165948972"><testcase classname="dependency-check" name="utils.js"/></testsuite><testsuite failures="0" errors="0" time="0" id="257" name="/src/node_modules/qs/test/utils.js" package="utils.js" skipped="0" tests="1" timestamp="2025-06-18T02:55:33.165948972"><testcase classname="dependency-check" name="utils.js"/></testsuite><testsuite failures="0" errors="0" time="0" id="258" name="/src/node_modules/object-inspect/test/values.js" package="values.js" skipped="0" tests="1" timestamp="2025-06-18T02:55:33.165948972"><testcase classname="dependency-check" name="values.js"/></testsuite><testsuite failures="0" errors="0" time="0" id="259" name="/src/package-lock.json?/vary:1.1.2" package="vary:1.1.2" skipped="0" tests="1" timestamp="2025-06-18T02:55:33.165948972"><testcase classname="dependency-check" name="vary:1.1.2"/></testsuite><testsuite failures="0" errors="0" time="0" id="260" name="/src/node_modules/express/lib/view.js" package="view.js" skipped="0" tests="1" timestamp="2025-06-18T02:55:33.165948972"><testcase classname="dependency-check" name="view.js"/></testsuite><testsuite failures="0" errors="0" time="0" id="261" name="/src/node_modules/wrappy/wrappy.js" package="wrappy.js" skipped="0" tests="1" timestamp="2025-06-18T02:55:33.165948972"><testcase classname="dependency-check" name="wrappy.js"/></testsuite><testsuite failures="0" errors="0" time="0" id="262" name="/src/package-lock.json?/wrappy:1.0.2" package="wrappy:1.0.2" skipped="0" tests="1" timestamp="2025-06-18T02:55:33.165948972"><testcase classname="dependency-check" name="wrappy:1.0.2"/></testsuite></testsuites>